<?xml version="1.0" encoding="UTF-8"?>
<!-- Generated by org.testng.reporters.JUnitXMLReporter -->
<testsuite hostname="CJB-LAP-138" name="Default test" tests="17" failures="1" timestamp="17 Sep 2020 09:03:49 GMT" time="182.222" errors="0">
  <testcase name="addMarket" time="24.243" classname="tests._mvpTest"/>
  <testcase name="marketOverview" time="120.134" classname="tests._mvpTest">
    <failure type="org.openqa.selenium.TimeoutException" message="Expected condition failed: waiting for element to no longer be visible: By.cssSelector: div.loading (tried for 120 second(s) with 500 milliseconds interval)
Build info: version: &amp;apos;3.141.59&amp;apos;, revision: &amp;apos;e82be7d358&amp;apos;, time: &amp;apos;2018-11-14T08:17:03&amp;apos;
System info: host: &amp;apos;CJB-LAP-138&amp;apos;, ip: &amp;apos;192.168.3.158&amp;apos;, os.name: &amp;apos;Windows 10&amp;apos;, os.arch: &amp;apos;amd64&amp;apos;, os.version: &amp;apos;10.0&amp;apos;, java.version: &amp;apos;1.8.0_231&amp;apos;
Driver info: org.openqa.selenium.chrome.ChromeDriver
Capabilities {acceptInsecureCerts: false, browserName: chrome, browserVersion: 79.0.3945.79, chrome: {chromedriverVersion: 79.0.3945.36 (3582db32b3389..., userDataDir: C:\Users\ALGOLI~1\AppData\L...}, goog:chromeOptions: {debuggerAddress: localhost:55519}, javascriptEnabled: true, networkConnectionEnabled: false, pageLoadStrategy: normal, platform: WINDOWS, platformName: WINDOWS, proxy: Proxy(), setWindowRect: true, strictFileInteractability: false, timeouts: {implicit: 0, pageLoad: 300000, script: 30000}, unhandledPromptBehavior: dismiss and notify}
Session ID: 058d9cc314e8614d9e79bc0bfa9f3b9d">
      <![CDATA[org.openqa.selenium.TimeoutException: Expected condition failed: waiting for element to no longer be visible: By.cssSelector: div.loading (tried for 120 second(s) with 500 milliseconds interval)
Build info: version: '3.141.59', revision: 'e82be7d358', time: '2018-11-14T08:17:03'
System info: host: 'CJB-LAP-138', ip: '192.168.3.158', os.name: 'Windows 10', os.arch: 'amd64', os.version: '10.0', java.version: '1.8.0_231'
Driver info: org.openqa.selenium.chrome.ChromeDriver
Capabilities {acceptInsecureCerts: false, browserName: chrome, browserVersion: 79.0.3945.79, chrome: {chromedriverVersion: 79.0.3945.36 (3582db32b3389..., userDataDir: C:\Users\ALGOLI~1\AppData\L...}, goog:chromeOptions: {debuggerAddress: localhost:55519}, javascriptEnabled: true, networkConnectionEnabled: false, pageLoadStrategy: normal, platform: WINDOWS, platformName: WINDOWS, proxy: Proxy(), setWindowRect: true, strictFileInteractability: false, timeouts: {implicit: 0, pageLoad: 300000, script: 30000}, unhandledPromptBehavior: dismiss and notify}
Session ID: 058d9cc314e8614d9e79bc0bfa9f3b9d
	at org.openqa.selenium.support.ui.WebDriverWait.timeoutException(WebDriverWait.java:95)
	at org.openqa.selenium.support.ui.FluentWait.until(FluentWait.java:272)
	at pageUtilities._utils.waitForElementInVisibleByLocator(_utils.java:149)
	at pageMethods._marketOverview.<init>(_marketOverview.java:19)
	at tests._mvpTest.marketOverview(_mvpTest.java:75)
	at sun.reflect.NativeMethodAccessorImpl.invoke0(Native Method)
	at sun.reflect.NativeMethodAccessorImpl.invoke(Unknown Source)
	at sun.reflect.DelegatingMethodAccessorImpl.invoke(Unknown Source)
	at java.lang.reflect.Method.invoke(Unknown Source)
	at org.testng.internal.MethodInvocationHelper.invokeMethod(MethodInvocationHelper.java:86)
	at org.testng.internal.Invoker.invokeMethod(Invoker.java:645)
	at org.testng.internal.Invoker.invokeTestMethod(Invoker.java:822)
	at org.testng.internal.Invoker.invokeTestMethods(Invoker.java:1130)
	at org.testng.internal.TestMethodWorker.invokeTestMethods(TestMethodWorker.java:129)
	at org.testng.internal.TestMethodWorker.run(TestMethodWorker.java:112)
	at org.testng.TestRunner.privateRun(TestRunner.java:782)
	at org.testng.TestRunner.run(TestRunner.java:632)
	at org.testng.SuiteRunner.runTest(SuiteRunner.java:366)
	at org.testng.SuiteRunner.runSequentially(SuiteRunner.java:361)
	at org.testng.SuiteRunner.privateRun(SuiteRunner.java:319)
	at org.testng.SuiteRunner.run(SuiteRunner.java:268)
	at org.testng.SuiteRunnerWorker.runSuite(SuiteRunnerWorker.java:52)
	at org.testng.SuiteRunnerWorker.run(SuiteRunnerWorker.java:86)
	at org.testng.TestNG.runSuitesSequentially(TestNG.java:1244)
	at org.testng.TestNG.runSuitesLocally(TestNG.java:1169)
	at org.testng.TestNG.run(TestNG.java:1064)
	at org.testng.remote.RemoteTestNG.run(RemoteTestNG.java:113)
	at org.testng.remote.RemoteTestNG.initAndRun(RemoteTestNG.java:206)
	at org.testng.remote.RemoteTestNG.main(RemoteTestNG.java:177)
]]>
    </failure>
  </testcase> <!-- marketOverview -->
  <testcase name="allStores" time="0.0" classname="tests._mvpTest">
    <skipped/>
  </testcase> <!-- allStores -->
  <testcase name="demographics" time="0.0" classname="tests._mvpTest">
    <skipped/>
  </testcase> <!-- demographics -->
  <testcase name="currentInventoryAvailability" time="0.0" classname="tests._mvpTest">
    <skipped/>
  </testcase> <!-- currentInventoryAvailability -->
  <testcase name="inventoryAvailabilityHistory" time="0.0" classname="tests._mvpTest">
    <skipped/>
  </testcase> <!-- inventoryAvailabilityHistory -->
  <testcase name="marketSpendingPower" time="0.0" classname="tests._mvpTest">
    <skipped/>
  </testcase> <!-- marketSpendingPower -->
  <testcase name="marketSupplyMetrics" time="0.0" classname="tests._mvpTest">
    <skipped/>
  </testcase> <!-- marketSupplyMetrics -->
  <testcase name="prRatePerSqFtByStoreType" time="0.0" classname="tests._mvpTest">
    <skipped/>
  </testcase> <!-- prRatePerSqFtByStoreType -->
  <testcase name="prRatePerSqFtByUnitType" time="0.0" classname="tests._mvpTest">
    <skipped/>
  </testcase> <!-- prRatePerSqFtByUnitType -->
  <testcase name="prAverageUnitTypeRates" time="0.0" classname="tests._mvpTest">
    <skipped/>
  </testcase> <!-- prAverageUnitTypeRates -->
  <testcase name="prRatePerSqFtHistoryGraph" time="0.0" classname="tests._mvpTest">
    <skipped/>
  </testcase> <!-- prRatePerSqFtHistoryGraph -->
  <testcase name="prAverageRatesHistory" time="0.0" classname="tests._mvpTest">
    <skipped/>
  </testcase> <!-- prAverageRatesHistory -->
  <testcase name="prRateHistoryByStore" time="0.0" classname="tests._mvpTest">
    <skipped/>
  </testcase> <!-- prRateHistoryByStore -->
  <testcase name="prRateVolatilityHistory" time="0.0" classname="tests._mvpTest">
    <skipped/>
  </testcase> <!-- prRateVolatilityHistory -->
  <testcase name="storesInMarketStoreTypes" time="0.0" classname="tests._mvpTest">
    <skipped/>
  </testcase> <!-- storesInMarketStoreTypes -->
  <testcase name="storesInMarketUnitTypesOffered" time="0.0" classname="tests._mvpTest">
    <skipped/>
  </testcase> <!-- storesInMarketUnitTypesOffered -->
</testsuite> <!-- Default test -->
